d:\cloud++\cloud++\debug\cloud++.pch
d:\cloud++\cloud++\debug\vc141.pdb
d:\cloud++\cloud++\debug\vc141.idb
d:\cloud++\cloud++\debug\stdafx.obj
d:\cloud++\cloud++\debug\entitymanager.obj
d:\cloud++\cloud++\debug\orbwalker.obj
d:\cloud++\cloud++\debug\imgui_impl_dx9.obj
d:\cloud++\cloud++\debug\eventhandler.obj
d:\cloud++\cloud++\debug\string.obj
d:\cloud++\cloud++\debug\imgui.obj
d:\cloud++\cloud++\debug\drawing.obj
d:\cloud++\cloud++\debug\imgui_demo.obj
d:\cloud++\cloud++\debug\imgui_draw.obj
d:\cloud++\cloud++\debug\cloud.obj
d:\cloud++\cloud++\debug\dllmain.obj
d:\cloud++\debug\cloud++.dll
d:\cloud++\debug\cloud++.pdb
d:\cloud++\cloud++\debug\cloud++.tlog\cl.command.1.tlog
d:\cloud++\cloud++\debug\cloud++.tlog\cl.read.1.tlog
d:\cloud++\cloud++\debug\cloud++.tlog\cl.write.1.tlog
d:\cloud++\cloud++\debug\cloud++.tlog\link.command.1.tlog
d:\cloud++\cloud++\debug\cloud++.tlog\link.read.1.tlog
d:\cloud++\cloud++\debug\cloud++.tlog\link.write.1.tlog
